Determining if the include file pthread.h exists failed with the following output:
Change Dir: /home/dongfu/projects/Cylinder_extract/build/CMakeFiles/CMakeTmp

Run Build Command:"/usr/bin/ninja" "cmTC_759da"
[1/2] Building C object CMakeFiles/cmTC_759da.dir/CheckIncludeFile.c.o
FAILED: CMakeFiles/cmTC_759da.dir/CheckIncludeFile.c.o 
/usr/bin/cc    -o CMakeFiles/cmTC_759da.dir/CheckIncludeFile.c.o   -c CheckIncludeFile.c
Assembler messages:
致命错误： can't create CMakeFiles/cmTC_759da.dir/CheckIncludeFile.c.o: 没有那个文件或目录
ninja: build stopped: subcommand failed.


Determining if the pthread_create exist failed with the following output:
Change Dir: /home/dongfu/projects/Cylinder_extract/build/CMakeFiles/CMakeTmp

Run Build Command:"/usr/bin/ninja" "cmTC_f2b79"
ninja: error: loading 'build.ninja': No such file or directory

File /home/dongfu/projects/Cylinder_extract/build/CMakeFiles/CMakeTmp/CheckSymbolExists.c:
/* */
#include <pthread.h>

int main(int argc, char** argv)
{
  (void)argv;
#ifndef pthread_create
  return ((int*)(&pthread_create))[argc];
#else
  (void)argc;
  return 0;
#endif
}

Determining if the function pthread_create exists in the pthreads failed with the following output:
Change Dir: /home/dongfu/projects/Cylinder_extract/build/CMakeFiles/CMakeTmp

Run Build Command:"/usr/bin/ninja" "cmTC_e4923"
[1/2] Building C object CMakeFiles/cmTC_e4923.dir/CheckFunctionExists.c.o
[2/2] Linking C executable cmTC_e4923
FAILED: cmTC_e4923 
: && /usr/bin/cc -DCHECK_FUNCTION_EXISTS=pthread_create  -rdynamic CMakeFiles/cmTC_e4923.dir/CheckFunctionExists.c.o  -o cmTC_e4923  -lpthreads && :
/usr/bin/ld: cannot find -lpthreads
collect2: error: ld returned 1 exit status
ninja: build stopped: subcommand failed.


